(secml_malware_env) ┌──(datnlq㉿datnlq)-[~/Malconv/MalConv]
└─$ python malconv_analyzer.py --target-file samples/shell.exe --vt-api-key e166b9fb053cecc96a86259f87c0e14f49b9497a95acc5bae034453ad674e9d9

╔═══════════════════════════════════════════════════════════════╗
║                     MalConv Analyzer Tool                      ║
║                Advanced Malware Analysis & Evasion             ║
╚═══════════════════════════════════════════════════════════════╝

[+] Initializing VirusTotal client...
[+] VirusTotal client initialized
[+] Initializing MalConv model...
[+] Initializing attack methods...
2025-05-16 05:45:29,720 - root - WARNING - Memory Usage: 438.3 MB
[WARNING] Memory Usage: 438.3 MB
[+] Analyzing file: samples/shell.exe
[+] File size: 72.07 KB
[+] Scanning with VirusTotal...
[+] Performing Header Evasion Attack...
[+] Header Evasion Attack completed
[+] Evasion sample saved: analysis_results/header_evasion_shell.exe
[+] Header Evasion score: 0.0287
[+] Scanning with VirusTotal...
[+] Performing FGSM Attack...
[+] FGSM Attack completed
[+] FGSM sample saved: analysis_results/fgsm_shell.exe
[+] FGSM score: 0.0000
[+] Scanning with VirusTotal...

==================================================
           MALWARE ANALYSIS REPORT           
==================================================
File: shell.exe
Size: 72.07 KB
Classification: Malware
Confidence Score: 0.9983

VirusTotal Results (Original):
- Detections: 60/76
- Scan Date: 2025-05-14 03:11:34+00:00
- Report URL: https://www.virustotal.com/gui/file/5e09427737d1e40ddc8569d99e3d44bf6d6aac8ef5236a410ecfb76169d53a4a

Header Evasion Attack:
- Final Score: 0.0287
- Sample saved as: header_evasion_shell.exe

VirusTotal Results (Header Evasion):
- Detections: 58/75
- Scan Date: 2025-05-15 16:28:12+00:00
- Report URL: https://www.virustotal.com/gui/file/803b7af03f09e12267239f79a4c240f2a6a5246e14082990339c6ab9fee62f7e
==================================================

2025-05-16 05:45:44,771 - asyncio - ERROR - Unclosed client session
client_session: <aiohttp.client.ClientSession object at 0xffff56cd1a00>
2025-05-16 05:45:44,774 - asyncio - ERROR - Unclosed connector
connections: ['deque([(<aiohttp.client_proto.ResponseHandler object at 0xffff56d2aee0>, 1266757.294680329)])']
connector: <aiohttp.connector.TCPConnector object at 0xffff56d21910>