2025-05-16 13:45:20,063 - DEBUG - [malconv_analyzer.py:94] - === System Information ===
2025-05-16 13:45:20,064 - DEBUG - [malconv_analyzer.py:95] - Analysis started at: 20250516_134520
2025-05-16 13:45:20,064 - DEBUG - [malconv_analyzer.py:96] - Target file: 1.exe
2025-05-16 13:45:20,064 - DEBUG - [malconv_analyzer.py:97] - Log file: logs/1.exe_20250516_134520.log
2025-05-16 13:45:20,064 - DEBUG - [malconv_analyzer.py:98] - Python version: 3.9.21 (main, Dec 11 2024, 16:27:47) 
[GCC 11.2.0]
2025-05-16 13:45:20,064 - DEBUG - [malconv_analyzer.py:99] - Operating system: Linux
2025-05-16 13:45:20,064 - DEBUG - [malconv_analyzer.py:100] - Machine: aarch64
2025-05-16 13:45:20,064 - DEBUG - [malconv_analyzer.py:101] - Process ID: 2629209
2025-05-16 13:45:20,064 - DEBUG - [malconv_analyzer.py:105] - Total memory: 1.87 GB
2025-05-16 13:45:20,064 - DEBUG - [malconv_analyzer.py:106] - Available memory: 0.50 GB
2025-05-16 13:45:20,064 - DEBUG - [malconv_analyzer.py:107] - ==================================================
2025-05-16 13:45:20,064 - INFO - [malconv_analyzer.py:133] - Initializing VirusTotal client...
2025-05-16 13:45:20,064 - DEBUG - [selector_events.py:54] - Using selector: EpollSelector
2025-05-16 13:45:20,065 - INFO - [malconv_analyzer.py:133] - VirusTotal client initialized
2025-05-16 13:45:20,065 - INFO - [malconv_analyzer.py:133] - Initializing MalConv model...
2025-05-16 13:45:20,191 - INFO - [malconv_analyzer.py:133] - Initializing attack methods...
2025-05-16 13:45:20,192 - WARNING - [malconv_analyzer.py:129] - Memory Usage: 469.4 MB
2025-05-16 13:45:20,195 - INFO - [malconv_analyzer.py:133] - Analyzing file: samples/1.exe
2025-05-16 13:45:20,195 - DEBUG - [malconv_analyzer.py:214] - Starting analysis of samples/1.exe
2025-05-16 13:45:20,195 - INFO - [malconv_analyzer.py:133] - File size: 17.00 KB
2025-05-16 13:45:20,388 - DEBUG - [selector_events.py:54] - Using selector: EpollSelector
2025-05-16 13:45:20,388 - INFO - [malconv_analyzer.py:133] - Scanning with VirusTotal...
