2025-05-16 13:04:31,155 - DEBUG - [malconv_analyzer.py:94] - === System Information ===
2025-05-16 13:04:31,156 - DEBUG - [malconv_analyzer.py:95] - Analysis started at: 20250516_130431
2025-05-16 13:04:31,156 - DEBUG - [malconv_analyzer.py:96] - Target file: 1.exe
2025-05-16 13:04:31,156 - DEBUG - [malconv_analyzer.py:97] - Log file: logs/1.exe_20250516_130431.log
2025-05-16 13:04:31,156 - DEBUG - [malconv_analyzer.py:98] - Python version: 3.9.21 (main, Dec 11 2024, 16:27:47) 
[GCC 11.2.0]
2025-05-16 13:04:31,156 - DEBUG - [malconv_analyzer.py:99] - Operating system: Linux
2025-05-16 13:04:31,156 - DEBUG - [malconv_analyzer.py:100] - Machine: aarch64
2025-05-16 13:04:31,156 - DEBUG - [malconv_analyzer.py:101] - Process ID: 2608108
2025-05-16 13:04:31,157 - DEBUG - [malconv_analyzer.py:105] - Total memory: 1.87 GB
2025-05-16 13:04:31,157 - DEBUG - [malconv_analyzer.py:106] - Available memory: 0.51 GB
2025-05-16 13:04:31,157 - DEBUG - [malconv_analyzer.py:107] - ==================================================
2025-05-16 13:04:31,157 - INFO - [malconv_analyzer.py:133] - Initializing VirusTotal client...
2025-05-16 13:04:31,157 - DEBUG - [selector_events.py:54] - Using selector: EpollSelector
2025-05-16 13:04:31,157 - INFO - [malconv_analyzer.py:133] - VirusTotal client initialized
2025-05-16 13:04:31,157 - INFO - [malconv_analyzer.py:133] - Initializing MalConv model...
2025-05-16 13:04:31,268 - INFO - [malconv_analyzer.py:133] - Initializing attack methods...
2025-05-16 13:04:31,268 - WARNING - [malconv_analyzer.py:129] - Memory Usage: 467.3 MB
2025-05-16 13:04:31,273 - INFO - [malconv_analyzer.py:133] - Analyzing file: samples/1.exe
2025-05-16 13:04:31,273 - DEBUG - [malconv_analyzer.py:214] - Starting analysis of samples/1.exe
2025-05-16 13:04:31,273 - INFO - [malconv_analyzer.py:133] - File size: 17.00 KB
2025-05-16 13:04:31,507 - DEBUG - [selector_events.py:54] - Using selector: EpollSelector
2025-05-16 13:04:31,508 - INFO - [malconv_analyzer.py:133] - Scanning with VirusTotal...
