2025-05-16 11:24:10,167 - DEBUG - [malconv_analyzer.py:94] - === System Information ===
2025-05-16 11:24:10,167 - DEBUG - [malconv_analyzer.py:95] - Analysis started at: 20250516_112410
2025-05-16 11:24:10,167 - DEBUG - [malconv_analyzer.py:96] - Target file: shell.exe
2025-05-16 11:24:10,167 - DEBUG - [malconv_analyzer.py:97] - Log file: logs/shell.exe_20250516_112410.log
2025-05-16 11:24:10,167 - DEBUG - [malconv_analyzer.py:98] - Python version: 3.9.21 (main, Dec 11 2024, 16:27:47) 
[GCC 11.2.0]
2025-05-16 11:24:10,167 - DEBUG - [malconv_analyzer.py:99] - Operating system: Linux
2025-05-16 11:24:10,167 - DEBUG - [malconv_analyzer.py:100] - Machine: aarch64
2025-05-16 11:24:10,167 - DEBUG - [malconv_analyzer.py:101] - Process ID: 2556147
2025-05-16 11:24:10,167 - DEBUG - [malconv_analyzer.py:105] - Total memory: 1.87 GB
2025-05-16 11:24:10,167 - DEBUG - [malconv_analyzer.py:106] - Available memory: 0.46 GB
2025-05-16 11:24:10,167 - DEBUG - [malconv_analyzer.py:107] - ==================================================
2025-05-16 11:24:10,167 - INFO - [malconv_analyzer.py:133] - Initializing VirusTotal client...
2025-05-16 11:24:10,168 - DEBUG - [selector_events.py:54] - Using selector: EpollSelector
2025-05-16 11:24:10,168 - INFO - [malconv_analyzer.py:133] - VirusTotal client initialized
2025-05-16 11:24:10,168 - INFO - [malconv_analyzer.py:133] - Initializing MalConv model...
2025-05-16 11:24:10,293 - INFO - [malconv_analyzer.py:133] - Initializing attack methods...
2025-05-16 11:24:10,294 - WARNING - [malconv_analyzer.py:129] - Memory Usage: 468.2 MB
2025-05-16 11:24:10,299 - INFO - [malconv_analyzer.py:133] - Analyzing file: samples/shell.exe
2025-05-16 11:24:10,300 - DEBUG - [malconv_analyzer.py:214] - Starting analysis of samples/shell.exe
2025-05-16 11:24:10,300 - INFO - [malconv_analyzer.py:133] - File size: 72.07 KB
2025-05-16 11:24:10,455 - DEBUG - [selector_events.py:54] - Using selector: EpollSelector
2025-05-16 11:24:10,456 - INFO - [malconv_analyzer.py:133] - Scanning with VirusTotal...
2025-05-16 11:24:11,733 - INFO - [malconv_analyzer.py:133] - Performing Header Evasion Attack...
2025-05-16 11:24:12,815 - INFO - [c_log.py:258] - Point: 0/1, f(x):0.028691686689853668
2025-05-16 11:24:12,894 - INFO - [c_log.py:258] - y_pred after attack:
CArray([0])
2025-05-16 11:24:12,894 - INFO - [malconv_analyzer.py:133] - Header Evasion Attack completed
2025-05-16 11:24:13,004 - INFO - [malconv_analyzer.py:133] - Evasion sample saved: analysis_results/header_evasion_shell.exe
2025-05-16 11:24:13,088 - INFO - [malconv_analyzer.py:133] - Header Evasion score: 0.0287
2025-05-16 11:24:13,088 - DEBUG - [selector_events.py:54] - Using selector: EpollSelector
2025-05-16 11:24:13,088 - INFO - [malconv_analyzer.py:133] - Scanning with VirusTotal...
2025-05-16 11:24:13,675 - INFO - [malconv_analyzer.py:133] - Performing FGSM Attack...
2025-05-16 11:24:23,136 - INFO - [c_log.py:258] - Point: 0/1, f(x):9.281174421634912e-32
2025-05-16 11:24:23,207 - INFO - [c_log.py:258] - y_pred after attack:
CArray([0])
2025-05-16 11:24:23,207 - INFO - [malconv_analyzer.py:133] - FGSM Attack completed
2025-05-16 11:24:23,308 - INFO - [malconv_analyzer.py:133] - FGSM sample saved: analysis_results/fgsm_shell.exe
2025-05-16 11:24:23,379 - INFO - [malconv_analyzer.py:133] - FGSM score: 0.0000
2025-05-16 11:24:23,379 - DEBUG - [selector_events.py:54] - Using selector: EpollSelector
2025-05-16 11:24:23,380 - INFO - [malconv_analyzer.py:133] - Scanning with VirusTotal...
